[      18ms] [ERROR] Loading the stylesheet 'https://fonts.googleapis.com/css2?family=Architects+Daughter&family=DM+Sans:ital,opsz,wght@0,9..40,100..1000;1,9..40,100..1000&family=Fira+Code:wght@300..700&family=Geist+Mono:wght@100..900&family=Geist:wght@100..900&family=IBM+Plex+Mono:ital,wght@0,100;0,200;0,300;0,400;0,500;0,600;0,700;1,100;1,200;1,300;1,400;1,500;1,600;1,700&family=IBM+Plex+Sans:ital,wght@0,100..700;1,100..700&family=Inter:ital,opsz,wght@0,14..32,100..900;1,14..32,100..900&family=JetBrains+Mono:ital,wght@0,100..800;1,100..800&family=L...mily=Plus+Jakarta+Sans:ital,wght@0,200..800;1,200..800&family=Poppins:ital,wght@0,100;0,200;0,300;0,400;0,500;0,600;0,700;0,800;0,900;1,100;1,200;1,300;1,400;1,500;1,600;1,700;1,800;1,900&family=Roboto+Mono:ital,wght@0,100..700;1,100..700&family=Roboto:ital,wght@0,100..900;1,100..900&family=Source+Code+Pro:ital,wght@0,200..900;1,200..900&family=Source+Serif+4:ital,opsz,wght@0,8..60,200..900;1,8..60,200..900&family=Space+Grotesk:wght@300..700&family=Space+Mono:ital,wght@0,400;0,700;1,400;1,700&display=swap' violates the following Content Security Policy directive: "style-src 'self' 'unsafe-inline'". Note that 'style-src-elem' was not explicitly set, so 'style-src' is used as a fallback. The action has been blocked. @ http://host.docker.internal:3000/admin/configuracoes:41
[     255ms] [ERROR] Warning: A future version of React will block javascript: URLs as a security precaution. Use event handlers instead if you can. If you need to generate unsafe HTML try using dangerouslySetInnerHTML instead. React was passed %s.%s "javascript:fetch(`/api/admin/accounts`).then(r=>r.json()).then(d=>alert(JSON.stringify(d).substring(0,500)))///" 
    at a
    at div
    at div
    at div
    at div
    at div
    at _c9 (http://host.docker.internal:3000/src/components/ui/card.tsx:106:12)
    at div
    at _c (http://host.docker.internal:3000/src/components/ui/card.tsx:20:11)
    at div
    at main
    at div
    at div
    at AdminLayout (http://host.docker.internal:3000/src/components/admin-layout.tsx:21:31)
    at AdminSettingsPage (http://host.docker.internal:3000/src/pages/admin/settings.tsx:434:23)
    at AdminProtectedRoute (http://host.docker.internal:3000/src/App.tsx:66:32)
    at Route (http://host.docker.internal:3000/@fs/Users/gustavohenrique/Desktop/SkyLapse/node_modules/.vite/deps/wouter.js?v=595b4069:322:16)
    at Switch (http://host.docker.internal:3000/@fs/Users/gustavohenrique/Desktop/SkyLapse/node_modules/.vite/deps/wouter.js?v=595b4069:378:17)
    at AppRouter (http://host.docker.internal:3000/src/App.tsx:95:25)
    at Provider (http://host.docker.internal:3000/@fs/Users/gustavohenrique/Desktop/SkyLapse/node_modules/.vite/deps/chunk-6BRII5CC.js?v=595b4069:37:15)
    at TooltipProvider (http://host.docker.internal:3000/@fs/Users/gustavohenrique/Desktop/SkyLapse/node_modules/.vite/deps/@radix-ui_react-tooltip.js?v=595b4069:63:5)
    at ThemeProvider (http://host.docker.internal:3000/src/components/theme-provider.tsx:25:3)
    at QueryClientProvider (http://host.docker.internal:3000/@fs/Users/gustavohenrique/Desktop/SkyLapse/node_modules/.vite/deps/@tanstack_react-query.js?v=595b4069:2747:3)
    at App @ http://host.docker.internal:3000/@fs/Users/gustavohenrique/Desktop/SkyLapse/node_modules/.vite/deps/chunk-LPF6KSF2.js?v=595b4069:520
