Total messages: 10 (Errors: 6, Warnings: 1)
Returning 8 messages for level "info"

[ERROR] Loading the stylesheet 'https://fonts.googleapis.com/css2?family=Architects+Daughter&family=DM+Sans:ital,opsz,wght@0,9..40,100..1000;1,9..40,100..1000&family=Fira+Code:wght@300..700&family=Geist+Mono:wght@100..900&family=Geist:wght@100..900&family=IBM+Plex+Mono:ital,wght@0,100;0,200;0,300;0,400;0,500;0,600;0,700;1,100;1,200;1,300;1,400;1,500;1,600;1,700&family=IBM+Plex+Sans:ital,wght@0,100..700;1,100..700&family=Inter:ital,opsz,wght@0,14..32,100..900;1,14..32,100..900&family=JetBrains+Mono:ital,wght@0,100..800;1,100..800&family=L...mily=Plus+Jakarta+Sans:ital,wght@0,200..800;1,200..800&family=Poppins:ital,wght@0,100;0,200;0,300;0,400;0,500;0,600;0,700;0,800;0,900;1,100;1,200;1,300;1,400;1,500;1,600;1,700;1,800;1,900&family=Roboto+Mono:ital,wght@0,100..700;1,100..700&family=Roboto:ital,wght@0,100..900;1,100..900&family=Source+Code+Pro:ital,wght@0,200..900;1,200..900&family=Source+Serif+4:ital,opsz,wght@0,8..60,200..900;1,8..60,200..900&family=Space+Grotesk:wght@300..700&family=Space+Mono:ital,wght@0,400;0,700;1,400;1,700&display=swap' violates the following Content Security Policy directive: "style-src 'self' 'unsafe-inline'". Note that 'style-src-elem' was not explicitly set, so 'style-src' is used as a fallback. The action has been blocked. @ http://host.docker.internal:3000/cliente/dashboard:41
[INFO] %cDownload the React DevTools for a better development experience: https://reactjs.org/link/react-devtools font-weight:bold @ http://host.docker.internal:3000/@fs/Users/gustavohenrique/Desktop/SkyLapse/node_modules/.vite/deps/chunk-LPF6KSF2.js?v=595b4069:21608
[ERROR] Failed to load resource: the server responded with a status of 401 (Unauthorized) @ http://host.docker.internal:3000/api/admin/me:0
[ERROR] Failed to load resource: the server responded with a status of 404 (Not Found) @ http://host.docker.internal:3000/api/client/cameras/e9651907-b6f4-4c0b-b0f8-c43c394b069c/thumbnail:0
[ERROR] `DialogContent` requires a `DialogTitle` for the component to be accessible for screen reader users.

If you want to hide the `DialogTitle`, you can wrap it with our VisuallyHidden component.

For more information, see https://radix-ui.com/primitives/docs/components/dialog @ http://host.docker.internal:3000/@fs/Users/gustavohenrique/Desktop/SkyLapse/node_modules/.vite/deps/chunk-W42MCJXL.js?v=595b4069:321
[WARNING] Warning: Missing `Description` or `aria-describedby={undefined}` for {DialogContent}. @ http://host.docker.internal:3000/@fs/Users/gustavohenrique/Desktop/SkyLapse/node_modules/.vite/deps/chunk-W42MCJXL.js?v=595b4069:334
[ERROR] Failed to load resource: the server responded with a status of 503 (Service Unavailable) @ http://host.docker.internal:3000/api/client/cameras/e9651907-b6f4-4c0b-b0f8-c43c394b069c/snapshot?t=1775657135514:0
[ERROR] Warning: A future version of React will block javascript: URLs as a security precaution. Use event handlers instead if you can. If you need to generate unsafe HTML try using dangerouslySetInnerHTML instead. React was passed %s.%s "javascript:fetch(`/api/client/cameras`).then(r=>r.json()).then(d=>alert(`CLIENT DATA: `+JSON.stringify(d).substring(0,400)))//stream.html?src=camera1&mode=mse" 
    at iframe
    at div
    at div
    at http://host.docker.internal:3000/@fs/Users/gustavohenrique/Desktop/SkyLapse/node_modules/.vite/deps/chunk-A6X7I7KR.js?v=595b4069:42:13
    at http://host.docker.internal:3000/@fs/Users/gustavohenrique/Desktop/SkyLapse/node_modules/.vite/deps/chunk-EYSPBU5X.js?v=595b4069:59:7
    at http://host.docker.internal:3000/@fs/Users/gustavohenrique/Desktop/SkyLapse/node_modules/.vite/deps/chunk-T5I2NX6A.js?v=595b4069:79:13
    at http://host.docker.internal:3000/@fs/Users/gustavohenrique/Desktop/SkyLapse/node_modules/.vite/deps/chunk-T5I2NX6A.js?v=595b4069:56:13
    at http://host.docker.internal:3000/@fs/Users/gustavohenrique/Desktop/SkyLapse/node_modules/.vite/deps/chunk-A6X7I7KR.js?v=595b4069:42:13
    at http://host.docker.internal:3000/@fs/Users/gustavohenrique/Desktop/SkyLapse/node_modules/.vite/deps/chunk-VRAS6XYU.js?v=595b4069:29:5
    at http://host.docker.internal:3000/@fs/Users/gustavohenrique/Desktop/SkyLapse/node_modules/.vite/deps/chunk-W42MCJXL.js?v=595b4069:232:13
    at http://host.docker.internal:3000/@fs/Users/gustavohenrique/Desktop/SkyLapse/node_modules/.vite/deps/chunk-W42MCJXL.js?v=595b4069:158:58
    at Presence (http://host.docker.internal:3000/@fs/Users/gustavohenrique/Desktop/SkyLapse/node_modules/.vite/deps/chunk-QO6HP763.js?v=595b4069:24:11)
    at http://host.docker.internal:3000/@fs/Users/gustavohenrique/Desktop/SkyLapse/node_modules/.vite/deps/chunk-W42MCJXL.js?v=595b4069:149:64
    at http://host.docker.internal:3000/@fs/Users/gustavohenrique/Desktop/SkyLapse/node_modules/.vite/deps/chunk-T5I2NX6A.js?v=595b4069:79:13
    at http://host.docker.internal:3000/@fs/Users/gustavohenrique/Desktop/SkyLapse/node_modules/.vite/deps/chunk-T5I2NX6A.js?v=595b4069:56:13
    at http://host.docker.internal:3000/@fs/Users/gustavohenrique/Desktop/SkyLapse/node_modules/.vite/deps/chunk-A6X7I7KR.js?v=595b4069:42:13
    at http://host.docker.internal:3000/@fs/Users/gustavohenrique/Desktop/SkyLapse/node_modules/.vite/deps/chunk-EYSPBU5X.js?v=595b4069:257:22
    at Presence (http://host.docker.internal:3000/@fs/Users/gustavohenrique/Desktop/SkyLapse/node_modules/.vite/deps/chunk-QO6HP763.js?v=595b4069:24:11)
    at Provider (http://host.docker.internal:3000/@fs/Users/gustavohenrique/Desktop/SkyLapse/node_modules/.vite/deps/chunk-6BRII5CC.js?v=595b4069:37:15)
    at DialogPortal (http://host.docker.internal:3000/@fs/Users/gustavohenrique/Desktop/SkyLapse/node_modules/.vite/deps/chunk-W42MCJXL.js?v=595b4069:111:11)
    at _c3 (http://host.docker.internal:3000/src/components/ui/dialog.tsx:50:12)
    at Provider (http://host.docker.internal:3000/@fs/Users/gustavohenrique/Desktop/SkyLapse/node_modules/.vite/deps/chunk-6BRII5CC.js?v=595b4069:37:15)
    at Dialog (http://host.docker.internal:3000/@fs/Users/gustavohenrique/Desktop/SkyLapse/node_modules/.vite/deps/chunk-W42MCJXL.js?v=595b4069:52:5)
    at LiveDialog (http://host.docker.internal:3000/src/pages/cliente/dashboard.tsx:33:23)
    at div
    at ClienteDashboard (http://host.docker.internal:3000/src/pages/cliente/dashboard.tsx:393:24)
    at ClientProtectedRoute (http://host.docker.internal:3000/src/App.tsx:41:33)
    at Route (http://host.docker.internal:3000/@fs/Users/gustavohenrique/Desktop/SkyLapse/node_modules/.vite/deps/wouter.js?v=595b4069:322:16)
    at Switch (http://host.docker.internal:3000/@fs/Users/gustavohenrique/Desktop/SkyLapse/node_modules/.vite/deps/wouter.js?v=595b4069:378:17)
    at AppRouter (http://host.docker.internal:3000/src/App.tsx:95:25)
    at Provider (http://host.docker.internal:3000/@fs/Users/gustavohenrique/Desktop/SkyLapse/node_modules/.vite/deps/chunk-6BRII5CC.js?v=595b4069:37:15)
    at TooltipProvider (http://host.docker.internal:3000/@fs/Users/gustavohenrique/Desktop/SkyLapse/node_modules/.vite/deps/@radix-ui_react-tooltip.js?v=595b4069:63:5)
    at ThemeProvider (http://host.docker.internal:3000/src/components/theme-provider.tsx:25:3)
    at QueryClientProvider (http://host.docker.internal:3000/@fs/Users/gustavohenrique/Desktop/SkyLapse/node_modules/.vite/deps/@tanstack_react-query.js?v=595b4069:2747:3)
    at App @ http://host.docker.internal:3000/@fs/Users/gustavohenrique/Desktop/SkyLapse/node_modules/.vite/deps/chunk-LPF6KSF2.js?v=595b4069:520